<?xml version="1.0" encoding="utf-8"?><testsuites name="pytest tests"><testsuite name="pytest" errors="0" failures="0" skipped="0" tests="13" time="10.603" timestamp="2026-07-28T19:01:18.023969+00:00" hostname="agent-env-be86ee93-b1c6-4f45-8892-fb6eacb96b09"><testcase classname="backend.tests.backend_test.TestPublicEndpoints" name="test_products_list" time="0.389" /><testcase classname="backend.tests.backend_test.TestPublicEndpoints" name="test_categories_list" time="0.298" /><testcase classname="backend.tests.backend_test.TestPublicEndpoints" name="test_order_track_public" time="1.266" /><testcase classname="backend.tests.backend_test.TestSEO" name="test_robots_txt" time="0.170" /><testcase classname="backend.tests.backend_test.TestSEO" name="test_sitemap_xml" time="0.293" /><testcase classname="backend.tests.backend_test.TestCartClearAfterOrder" name="test_cart_cleared_after_cod_order" time="2.534" /><testcase classname="backend.tests.backend_test.TestCartClearAfterOrder" name="test_explicit_cart_clear_via_delete" time="0.281" /><testcase classname="backend.tests.backend_test.TestOrderDownload" name="test_unauth_returns_401" time="1.184" /><testcase classname="backend.tests.backend_test.TestOrderDownload" name="test_owner_gets_pdf" time="1.727" /><testcase classname="backend.tests.backend_test.TestOrderDownload" name="test_other_user_forbidden" time="1.250" /><testcase classname="backend.tests.backend_test.TestAdminOrderDownload" name="test_unauth_401_or_403" time="0.830" /><testcase classname="backend.tests.backend_test.TestAdminOrderDownload" name="test_customer_forbidden" time="0.113" /><testcase classname="backend.tests.backend_test.TestAdminOrderDownload" name="test_admin_gets_pdf" time="0.129" /></testsuite></testsuites>